autoscan: warning: missing AC_CHECK_HEADER_STDBOOL wanted by: 
	src/system/System.h:25
	src/system/cell/CellMgr.cpp:89
	src/system/cell/CellMgr.h:26
	src/system/exec/ExecMgr.cpp:86
	src/system/exec/ExecMgr.cpp:132
	src/system/exec/ExecMgr.h:35
	src/system/exec/ExecMgr.h:74
	src/system/message/MessageMgr.h:52
	src/system/message/comm/Comm.cpp:39
	src/system/message/comm/Comm.cpp:53
	src/system/message/comm/Comm.h:29
	src/system/message/comm/Comm.h:31
	src/system/util/Listener.cpp:3
	src/system/util/Listener.cpp:10
	src/system/util/Listener.h:13
	src/system/util/Listener.h:15
	src/types/Cell.cpp:73
	src/types/Cell.cpp:74
	src/types/Cell.cpp:75
	src/types/Cell.cpp:126
	src/types/Cell.cpp:130
	src/types/Cell.cpp:159
	src/types/Cell.cpp:190
	src/types/Cell.cpp:191
	src/types/Cell.h:42
	src/types/Cell.h:43
	src/types/Cell.h:44
	src/types/Cell.h:45
	src/types/Cell.h:46
	src/types/Cell.h:91
	src/types/Cell.h:92
	src/types/Cell.h:93
	src/types/Cell.h:94
	src/types/Cell.h:95
	src/types/Cell.h:105
	src/types/Cell.h:124
	src/types/Cell.h:125
	src/types/ID.cpp:13
	src/types/ID.cpp:16
	src/types/ID.cpp:19
	src/types/ID.h:12
	src/types/ID.h:13
	src/types/ID.h:14
	src/types/util/CellSerializer.cpp:43
	src/types/util/CellSerializer.cpp:43
	src/types/util/CellSerializer.cpp:52
	src/types/util/CellDeserializer.cpp:36
	src/types/util/CellDeserializer.cpp:36
	test/main.cpp:56
	src/system/System.cpp:11
	src/system/cell/CellMgr.cpp:33
	src/system/cell/CellMgr.cpp:150
	src/system/exec/ExecMgr.cpp:148
	src/system/exec/ExecMgr.h:45
	src/system/message/MessageMgr.cpp:14
	src/system/message/comm/Comm.cpp:46
	src/system/message/comm/Comm.cpp:65
	src/system/util/Listener.cpp:12
	src/system/util/Listener.h:15
	src/types/Cell.cpp:19
	src/types/Cell.cpp:21
	src/types/Cell.cpp:23
	src/types/Cell.cpp:24
	src/types/Cell.cpp:56
	src/types/Cell.cpp:57
	src/types/Cell.cpp:62
	src/types/Cell.cpp:63
	src/types/Cell.cpp:79
	src/types/Cell.cpp:148
	src/types/Cell.cpp:162
	src/types/Cell.cpp:174
	src/types/ID.cpp:17
	test/main.cpp:101
	test/main.cpp:122
	test/main.cpp:128
	src/system/System.h:37
	src/system/System.cpp:11
	src/system/System.cpp:43
	src/system/cell/CellMgr.cpp:131
	src/system/cell/CellMgr.cpp:138
	src/system/exec/ExecMgr.cpp:27
	src/system/exec/ExecMgr.cpp:54
	src/system/exec/ExecMgr.cpp:155
	src/system/exec/ExecMgr.h:48
	src/system/message/MessageMgr.cpp:35
	src/system/message/MessageMgr.cpp:62
	src/system/message/MessageMgr.cpp:105
	src/system/message/comm/Comm.cpp:44
	src/system/message/comm/Comm.cpp:63
	src/system/util/Listener.cpp:18
	src/system/util/Listener.cpp:24
	src/types/Cell.cpp:20
	src/types/Cell.cpp:68
	src/types/Cell.cpp:110
	src/types/Cell.cpp:114
	src/types/Cell.cpp:118
	src/types/Cell.cpp:123
	src/types/Cell.cpp:164
	src/types/Cell.cpp:172
	src/types/ID.cpp:14
	test/main.cpp:56
autoscan: warning: missing AC_PREREQ wanted by: 
	autoscan
autoscan: warning: missing AC_PROG_CC wanted by: 
	src/distr/Distributor.h
	src/system/System.h
	src/system/cell/CellMgr.h
	src/system/exec/ExecMgr.h
	src/system/message/MessageMgr.h
	src/system/message/comm/Comm.h
	src/system/util/Listener.h
	src/system/util/Semaphore.h
	src/system/action/ActionBuilder.h
	src/system/action/Action.h
	src/system/action/actions/ConfirmMove.h
	src/system/action/actions/Move.h
	src/system/action/actions/StartMove.h
	src/system/action/actions/Update.h
	src/system/action/actions/Reduce.h
	src/system/action/actions/GetCells.h
	src/types/Cell.h
	src/types/ID.h
	src/types/ReduceData.h
	src/types/ReduceDataTools.h
	src/types/CellTools.h
	src/types/util/CellSerializer.h
	src/types/util/CellDeserializer.h
autoscan: warning: missing AC_TYPE_SIZE_T wanted by: 
	src/distr/Distributor.h:17
	src/distr/Distributor.h:18
	src/distr/Distributor.h:20
	src/distr/Distributor.h:20
	src/system/System.h:24
	src/system/cell/CellMgr.cpp:41
	src/system/cell/CellMgr.cpp:42
	src/system/message/MessageMgr.cpp:36
	src/system/message/MessageMgr.cpp:92
	src/system/message/MessageMgr.h:26
	src/system/message/MessageMgr.h:48
	src/system/message/MessageMgr.h:49
	src/system/message/MessageMgr.h:68
	src/system/message/comm/Comm.cpp:23
	src/system/message/comm/Comm.cpp:27
	src/system/message/comm/Comm.cpp:35
	src/system/message/comm/Comm.cpp:53
	src/system/message/comm/Comm.h:24
	src/system/message/comm/Comm.h:25
	src/system/message/comm/Comm.h:27
	src/system/message/comm/Comm.h:29
	src/system/action/Action.h:23
	src/system/action/actions/Update.h:14
	src/system/action/actions/Update.cpp:6
	src/system/action/actions/Reduce.h:14
	src/system/action/actions/Reduce.cpp:6
	src/types/Cell.cpp:78
	src/types/Cell.h:69
	src/types/Cell.h:70
	src/types/Cell.h:73
	src/types/ID.cpp:29
	src/types/ID.cpp:30
	src/types/ID.cpp:42
	src/types/ID.h:17
	src/types/ID.h:18
	src/types/ReduceDataTools.h:11
	src/types/ReduceDataTools.h:12
	src/types/CellTools.h:11
	src/types/CellTools.h:12
	src/types/CellTools.h:15
	src/types/CellTools.h:16
	src/types/CellTools.h:18
	src/types/CellTools.h:19
	src/types/CellTools.cpp:20
	src/types/CellTools.cpp:22
	src/types/CellTools.cpp:37
	src/types/CellTools.cpp:38
	src/types/CellTools.cpp:39
	src/types/CellTools.cpp:40
	src/types/CellTools.cpp:49
	src/types/CellTools.cpp:50
	src/types/CellTools.cpp:52
	src/types/CellTools.cpp:54
	src/types/CellTools.cpp:57
	src/types/CellTools.cpp:58
	src/types/CellTools.cpp:61
	src/types/CellTools.cpp:62
	src/types/CellTools.cpp:65
	src/types/CellTools.cpp:66
	src/types/CellTools.cpp:69
	src/types/CellTools.cpp:70
	src/types/CellTools.cpp:73
	src/types/CellTools.cpp:74
	src/types/CellTools.cpp:76
	src/types/CellTools.cpp:77
	src/types/CellTools.cpp:78
	src/types/CellTools.cpp:83
	src/types/CellTools.cpp:85
	src/types/CellTools.cpp:87
	src/types/CellTools.cpp:93
	src/types/CellTools.cpp:94
	src/types/CellTools.cpp:99
	src/types/CellTools.cpp:100
	src/types/CellTools.cpp:103
	src/types/CellTools.cpp:104
	src/types/CellTools.cpp:112
	src/types/CellTools.cpp:114
	src/types/CellTools.cpp:115
	src/types/CellTools.cpp:118
	src/types/CellTools.cpp:123
	src/types/CellTools.cpp:128
	src/types/CellTools.cpp:133
	src/types/CellTools.cpp:138
	src/types/CellTools.cpp:142
	src/types/CellTools.cpp:143
	src/types/CellTools.cpp:145
	src/types/CellTools.cpp:147
	src/types/util/CellSerializer.h:11
	src/types/util/CellSerializer.h:12
	src/types/util/CellSerializer.h:13
	src/types/util/CellSerializer.h:14
	src/types/util/CellSerializer.h:17
	src/types/util/CellSerializer.h:18
	src/types/util/CellDeserializer.h:10
	src/types/util/CellDeserializer.h:11
	src/types/util/CellDeserializer.h:12
	src/types/util/CellDeserializer.h:13
	src/types/util/CellSerializer.cpp:9
	src/types/util/CellSerializer.cpp:18
	src/types/util/CellSerializer.cpp:23
	src/types/util/CellSerializer.cpp:24
	src/types/util/CellSerializer.cpp:27
	src/types/util/CellSerializer.cpp:41
	src/types/util/CellSerializer.cpp:42
	src/types/util/CellSerializer.cpp:55
	src/types/util/CellDeserializer.cpp:14
	src/types/util/CellDeserializer.cpp:20
	src/types/util/CellDeserializer.cpp:24
	src/types/util/CellDeserializer.cpp:35
	test/main.cpp:30
	test/main.cpp:36
	test/main.cpp:113
	test/main.cpp:120
autoscan: warning: missing AC_TYPE_UINT64_T wanted by: 
	src/system/System.h:34
	src/system/System.h:35
	src/system/System.cpp:80
	src/system/System.cpp:84
	src/types/Cell.cpp:83
	src/types/Cell.cpp:87
	src/types/Cell.cpp:91
	src/types/Cell.cpp:95
	src/types/Cell.cpp:121
	src/types/Cell.cpp:121
	src/types/Cell.cpp:200
	src/types/Cell.h:32
	src/types/Cell.h:32
	src/types/Cell.h:48
	src/types/Cell.h:49
	src/types/Cell.h:85
	src/types/Cell.h:85
	src/types/Cell.h:110
	src/types/Cell.h:111
	src/types/Cell.h:114
	src/types/Cell.h:115
	src/types/ID.cpp:6
	src/types/ID.cpp:6
	src/types/ID.cpp:6
	src/types/ID.cpp:30
	src/types/ID.cpp:31
	src/types/ID.cpp:31
	src/types/ID.cpp:45
	src/types/ID.cpp:45
	src/types/ID.h:9
	src/types/ID.h:10
	src/types/ID.h:10
	src/types/ID.h:10
	src/types/CellTools.cpp:38
	src/types/CellTools.cpp:39
	src/types/CellTools.cpp:117
	src/types/CellTools.cpp:122
	src/types/CellTools.cpp:127
	src/types/CellTools.cpp:132
	src/types/CellTools.cpp:137
	src/types/CellTools.cpp:142
	src/types/CellTools.cpp:146
	src/types/CellTools.cpp:149
	src/types/CellTools.cpp:149
	src/types/util/CellSerializer.cpp:10
	src/types/util/CellSerializer.cpp:10
	src/types/util/CellSerializer.cpp:15
	src/types/util/CellSerializer.cpp:25
	src/types/util/CellSerializer.cpp:25
	src/types/util/CellSerializer.cpp:38
	src/types/util/CellSerializer.cpp:56
	src/types/util/CellSerializer.cpp:56
	src/types/util/CellSerializer.cpp:59
	src/types/util/CellDeserializer.cpp:15
	src/types/util/CellDeserializer.cpp:15
	src/types/util/CellDeserializer.cpp:25
	src/types/util/CellDeserializer.cpp:25
	src/types/util/CellDeserializer.cpp:26
	src/types/util/CellDeserializer.cpp:27
	src/types/util/CellDeserializer.cpp:28
	test/main.cpp:53
	test/main.cpp:114
	test/main.cpp:115
	test/main.cpp:115
	test/main.cpp:121
	test/main.cpp:121
